{
  "RSpec": {
    "coverage": {
      "/Users/rebeccalelew/Projects/MakersBnB/spec/features/sign_up_spec.rb": [
        1,
        1,
        1,
        1,
        1,
        1,
        null,
        null,
        1,
        1,
        1,
        1,
        1,
        1,
        null,
        null,
        null,
        null
      ],
      "/Users/rebeccalelew/Projects/MakersBnB/spec/user_spec.rb": [
        1,
        null,
        1,
        1,
        3,
        3,
        null,
        null,
        1,
        1,
        null,
        null,
        1,
        1,
        null,
        null,
        1,
        1,
        null,
        null,
        null
      ]
    },
    "timestamp": 1541432113
  }
}
