{
  "RSpec": {
    "coverage": {
      "/Users/anouskahopkins/Makers/Week_6/MakersBnB/spec/listing_spec.rb": [
        1,
        null,
        1,
        null,
        1,
        null,
        1,
        1,
        1,
        1,
        1,
        1,
        null,
        null,
        null,
        null,
        null
      ],
      "/Users/anouskahopkins/Makers/Week_6/MakersBnB/lib/listing.rb": [
        1,
        null,
        1,
        null,
        1,
        1,
        1,
        1,
        1,
        null,
        null,
        null
      ]
    },
    "timestamp": 1541428220
  }
}
